{"/Users/fznakbar/Documents/h8-p3/final-project/auto-tune/server/index.js": {"path":"/Users/fznakbar/Documents/h8-p3/final-project/auto-tune/server/index.js","statementMap":{"0":{"start":{"line":1,"column":0},"end":{"line":4,"column":1}},"1":{"start":{"line":2,"column":1},"end":{"line":2,"column":28}},"2":{"start":{"line":3,"column":1},"end":{"line":3,"column":68}},"3":{"start":{"line":6,"column":16},"end":{"line":6,"column":34}},"4":{"start":{"line":7,"column":12},"end":{"line":7,"column":21}},"5":{"start":{"line":8,"column":13},"end":{"line":8,"column":28}},"6":{"start":{"line":9,"column":20},"end":{"line":9,"column":42}},"7":{"start":{"line":11,"column":0},"end":{"line":11,"column":16}},"8":{"start":{"line":12,"column":0},"end":{"line":12,"column":58}},"9":{"start":{"line":13,"column":0},"end":{"line":13,"column":64}},"10":{"start":{"line":16,"column":0},"end":{"line":16,"column":34}},"11":{"start":{"line":18,"column":0},"end":{"line":18,"column":46}},"12":{"start":{"line":21,"column":0},"end":{"line":21,"column":21}}},"fnMap":{},"branchMap":{"0":{"loc":{"start":{"line":1,"column":0},"end":{"line":4,"column":1}},"type":"if","locations":[{"start":{"line":1,"column":0},"end":{"line":4,"column":1}},{"start":{"line":1,"column":0},"end":{"line":4,"column":1}}],"line":1},"1":{"loc":{"start":{"line":1,"column":4},"end":{"line":1,"column":77}},"type":"binary-expr","locations":[{"start":{"line":1,"column":4},"end":{"line":1,"column":42}},{"start":{"line":1,"column":46},"end":{"line":1,"column":77}}],"line":1}},"s":{"0":1,"1":1,"2":1,"3":1,"4":1,"5":1,"6":1,"7":1,"8":1,"9":1,"10":1,"11":1,"12":1},"f":{},"b":{"0":[1,0],"1":[1,1]},"_coverageSchema":"1a1c01bbd47fc00a2c39e90264f33305004495a9","hash":"a38554ec96fab9c027d8a6d25e9632137b0b6dc0"}
,"/Users/fznakbar/Documents/h8-p3/final-project/auto-tune/server/controllers/index.js": {"path":"/Users/fznakbar/Documents/h8-p3/final-project/auto-tune/server/controllers/index.js","statementMap":{"0":{"start":{"line":1,"column":0},"end":{"line":1,"column":43}},"1":{"start":{"line":2,"column":0},"end":{"line":2,"column":45}}},"fnMap":{},"branchMap":{},"s":{"0":1,"1":1},"f":{},"b":{},"_coverageSchema":"1a1c01bbd47fc00a2c39e90264f33305004495a9","hash":"cffbc3f6da4c70e7fc57a8e1f7f1253bad7f3cf6"}
,"/Users/fznakbar/Documents/h8-p3/final-project/auto-tune/server/controllers/musicController.js": {"path":"/Users/fznakbar/Documents/h8-p3/final-project/auto-tune/server/controllers/musicController.js","statementMap":{"0":{"start":{"line":1,"column":41},"end":{"line":1,"column":61}},"1":{"start":{"line":2,"column":20},"end":{"line":2,"column":42}},"2":{"start":{"line":6,"column":2},"end":{"line":22,"column":16}},"3":{"start":{"line":20,"column":4},"end":{"line":20,"column":31}},"4":{"start":{"line":26,"column":11},"end":{"line":26,"column":32}},"5":{"start":{"line":28,"column":2},"end":{"line":51,"column":16}},"6":{"start":{"line":45,"column":4},"end":{"line":49,"column":5}},"7":{"start":{"line":46,"column":5},"end":{"line":46,"column":32}},"8":{"start":{"line":48,"column":5},"end":{"line":48,"column":59}},"9":{"start":{"line":55,"column":29},"end":{"line":55,"column":37}},"10":{"start":{"line":56,"column":15},"end":{"line":56,"column":26}},"11":{"start":{"line":58,"column":2},"end":{"line":65,"column":16}},"12":{"start":{"line":60,"column":4},"end":{"line":63,"column":7}},"13":{"start":{"line":69,"column":11},"end":{"line":69,"column":32}},"14":{"start":{"line":71,"column":2},"end":{"line":85,"column":16}},"15":{"start":{"line":77,"column":4},"end":{"line":81,"column":7}},"16":{"start":{"line":83,"column":4},"end":{"line":83,"column":31}},"17":{"start":{"line":89,"column":0},"end":{"line":89,"column":33}}},"fnMap":{"0":{"name":"(anonymous_0)","decl":{"start":{"line":5,"column":1},"end":{"line":5,"column":2}},"loc":{"start":{"line":5,"column":36},"end":{"line":23,"column":2}},"line":5},"1":{"name":"(anonymous_1)","decl":{"start":{"line":19,"column":9},"end":{"line":19,"column":10}},"loc":{"start":{"line":19,"column":19},"end":{"line":21,"column":4}},"line":19},"2":{"name":"(anonymous_2)","decl":{"start":{"line":25,"column":1},"end":{"line":25,"column":2}},"loc":{"start":{"line":25,"column":34},"end":{"line":52,"column":2}},"line":25},"3":{"name":"(anonymous_3)","decl":{"start":{"line":44,"column":9},"end":{"line":44,"column":10}},"loc":{"start":{"line":44,"column":19},"end":{"line":50,"column":4}},"line":44},"4":{"name":"(anonymous_4)","decl":{"start":{"line":54,"column":1},"end":{"line":54,"column":2}},"loc":{"start":{"line":54,"column":33},"end":{"line":66,"column":2}},"line":54},"5":{"name":"(anonymous_5)","decl":{"start":{"line":59,"column":9},"end":{"line":59,"column":10}},"loc":{"start":{"line":59,"column":19},"end":{"line":64,"column":4}},"line":59},"6":{"name":"(anonymous_6)","decl":{"start":{"line":68,"column":1},"end":{"line":68,"column":2}},"loc":{"start":{"line":68,"column":33},"end":{"line":86,"column":2}},"line":68},"7":{"name":"(anonymous_7)","decl":{"start":{"line":76,"column":9},"end":{"line":76,"column":10}},"loc":{"start":{"line":76,"column":19},"end":{"line":84,"column":4}},"line":76}},"branchMap":{"0":{"loc":{"start":{"line":45,"column":4},"end":{"line":49,"column":5}},"type":"if","locations":[{"start":{"line":45,"column":4},"end":{"line":49,"column":5}},{"start":{"line":45,"column":4},"end":{"line":49,"column":5}}],"line":45}},"s":{"0":1,"1":1,"2":1,"3":1,"4":2,"5":2,"6":2,"7":1,"8":1,"9":2,"10":2,"11":2,"12":1,"13":1,"14":1,"15":1,"16":1,"17":1},"f":{"0":1,"1":1,"2":2,"3":2,"4":2,"5":1,"6":1,"7":1},"b":{"0":[1,1]},"_coverageSchema":"1a1c01bbd47fc00a2c39e90264f33305004495a9","hash":"9b5da3b825327bf619ee3941c40a01fa7569ff28"}
,"/Users/fznakbar/Documents/h8-p3/final-project/auto-tune/server/controllers/userController.js": {"path":"/Users/fznakbar/Documents/h8-p3/final-project/auto-tune/server/controllers/userController.js","statementMap":{"0":{"start":{"line":1,"column":41},"end":{"line":1,"column":61}},"1":{"start":{"line":2,"column":20},"end":{"line":2,"column":42}},"2":{"start":{"line":3,"column":12},"end":{"line":3,"column":37}},"3":{"start":{"line":4,"column":15},"end":{"line":4,"column":43}},"4":{"start":{"line":8,"column":31},"end":{"line":8,"column":39}},"5":{"start":{"line":9,"column":2},"end":{"line":20,"column":16}},"6":{"start":{"line":11,"column":16},"end":{"line":13,"column":6}},"7":{"start":{"line":15,"column":4},"end":{"line":18,"column":7}},"8":{"start":{"line":24,"column":31},"end":{"line":24,"column":39}},"9":{"start":{"line":26,"column":2},"end":{"line":49,"column":16}},"10":{"start":{"line":32,"column":4},"end":{"line":47,"column":5}},"11":{"start":{"line":33,"column":5},"end":{"line":44,"column":6}},"12":{"start":{"line":34,"column":18},"end":{"line":36,"column":8}},"13":{"start":{"line":38,"column":6},"end":{"line":41,"column":9}},"14":{"start":{"line":43,"column":6},"end":{"line":43,"column":56}},"15":{"start":{"line":46,"column":5},"end":{"line":46,"column":55}},"16":{"start":{"line":53,"column":11},"end":{"line":53,"column":32}},"17":{"start":{"line":55,"column":2},"end":{"line":75,"column":16}},"18":{"start":{"line":69,"column":4},"end":{"line":73,"column":5}},"19":{"start":{"line":70,"column":5},"end":{"line":70,"column":32}},"20":{"start":{"line":72,"column":5},"end":{"line":72,"column":45}},"21":{"start":{"line":79,"column":0},"end":{"line":79,"column":32}}},"fnMap":{"0":{"name":"(anonymous_0)","decl":{"start":{"line":7,"column":1},"end":{"line":7,"column":2}},"loc":{"start":{"line":7,"column":33},"end":{"line":21,"column":2}},"line":7},"1":{"name":"(anonymous_1)","decl":{"start":{"line":10,"column":9},"end":{"line":10,"column":10}},"loc":{"start":{"line":10,"column":19},"end":{"line":19,"column":4}},"line":10},"2":{"name":"(anonymous_2)","decl":{"start":{"line":23,"column":1},"end":{"line":23,"column":2}},"loc":{"start":{"line":23,"column":30},"end":{"line":50,"column":2}},"line":23},"3":{"name":"(anonymous_3)","decl":{"start":{"line":31,"column":9},"end":{"line":31,"column":10}},"loc":{"start":{"line":31,"column":19},"end":{"line":48,"column":4}},"line":31},"4":{"name":"(anonymous_4)","decl":{"start":{"line":52,"column":1},"end":{"line":52,"column":2}},"loc":{"start":{"line":52,"column":32},"end":{"line":76,"column":2}},"line":52},"5":{"name":"(anonymous_5)","decl":{"start":{"line":68,"column":9},"end":{"line":68,"column":10}},"loc":{"start":{"line":68,"column":19},"end":{"line":74,"column":4}},"line":68}},"branchMap":{"0":{"loc":{"start":{"line":32,"column":4},"end":{"line":47,"column":5}},"type":"if","locations":[{"start":{"line":32,"column":4},"end":{"line":47,"column":5}},{"start":{"line":32,"column":4},"end":{"line":47,"column":5}}],"line":32},"1":{"loc":{"start":{"line":33,"column":5},"end":{"line":44,"column":6}},"type":"if","locations":[{"start":{"line":33,"column":5},"end":{"line":44,"column":6}},{"start":{"line":33,"column":5},"end":{"line":44,"column":6}}],"line":33},"2":{"loc":{"start":{"line":69,"column":4},"end":{"line":73,"column":5}},"type":"if","locations":[{"start":{"line":69,"column":4},"end":{"line":73,"column":5}},{"start":{"line":69,"column":4},"end":{"line":73,"column":5}}],"line":69}},"s":{"0":1,"1":1,"2":1,"3":1,"4":4,"5":4,"6":2,"7":2,"8":4,"9":4,"10":4,"11":2,"12":1,"13":1,"14":1,"15":2,"16":2,"17":2,"18":2,"19":1,"20":1,"21":1},"f":{"0":4,"1":2,"2":4,"3":4,"4":2,"5":2},"b":{"0":[2,2],"1":[1,1],"2":[1,1]},"_coverageSchema":"1a1c01bbd47fc00a2c39e90264f33305004495a9","hash":"963173d48f05eed77ffbb34c4c5f8893ff87e359"}
,"/Users/fznakbar/Documents/h8-p3/final-project/auto-tune/server/helpers/bcrypt.js": {"path":"/Users/fznakbar/Documents/h8-p3/final-project/auto-tune/server/helpers/bcrypt.js","statementMap":{"0":{"start":{"line":1,"column":15},"end":{"line":1,"column":32}},"1":{"start":{"line":2,"column":19},"end":{"line":2,"column":21}},"2":{"start":{"line":4,"column":0},"end":{"line":12,"column":2}},"3":{"start":{"line":6,"column":2},"end":{"line":6,"column":47}},"4":{"start":{"line":10,"column":8},"end":{"line":10,"column":51}}},"fnMap":{"0":{"name":"(anonymous_0)","decl":{"start":{"line":5,"column":1},"end":{"line":5,"column":2}},"loc":{"start":{"line":5,"column":16},"end":{"line":7,"column":5}},"line":5},"1":{"name":"(anonymous_1)","decl":{"start":{"line":9,"column":4},"end":{"line":9,"column":5}},"loc":{"start":{"line":9,"column":30},"end":{"line":11,"column":5}},"line":9}},"branchMap":{},"s":{"0":1,"1":1,"2":1,"3":3,"4":2},"f":{"0":3,"1":2},"b":{},"_coverageSchema":"1a1c01bbd47fc00a2c39e90264f33305004495a9","hash":"ffa17e53c16fb062e74d241530f1cfbb9b65313e"}
,"/Users/fznakbar/Documents/h8-p3/final-project/auto-tune/server/helpers/jwt.js": {"path":"/Users/fznakbar/Documents/h8-p3/final-project/auto-tune/server/helpers/jwt.js","statementMap":{"0":{"start":{"line":1,"column":12},"end":{"line":1,"column":35}},"1":{"start":{"line":2,"column":15},"end":{"line":2,"column":37}},"2":{"start":{"line":5,"column":1},"end":{"line":5,"column":34}},"3":{"start":{"line":9,"column":1},"end":{"line":9,"column":34}},"4":{"start":{"line":12,"column":0},"end":{"line":15,"column":2}}},"fnMap":{"0":{"name":"sign","decl":{"start":{"line":4,"column":9},"end":{"line":4,"column":13}},"loc":{"start":{"line":4,"column":23},"end":{"line":6,"column":1}},"line":4},"1":{"name":"verify","decl":{"start":{"line":8,"column":9},"end":{"line":8,"column":15}},"loc":{"start":{"line":8,"column":23},"end":{"line":10,"column":1}},"line":8}},"branchMap":{},"s":{"0":1,"1":1,"2":3,"3":6,"4":1},"f":{"0":3,"1":6},"b":{},"_coverageSchema":"1a1c01bbd47fc00a2c39e90264f33305004495a9","hash":"91625cc02cf3c21164be4374bd2bafae754ecfd1"}
,"/Users/fznakbar/Documents/h8-p3/final-project/auto-tune/server/middleware/authentication.js": {"path":"/Users/fznakbar/Documents/h8-p3/final-project/auto-tune/server/middleware/authentication.js","statementMap":{"0":{"start":{"line":1,"column":12},"end":{"line":1,"column":37}},"1":{"start":{"line":2,"column":20},"end":{"line":2,"column":42}},"2":{"start":{"line":3,"column":14},"end":{"line":3,"column":34}},"3":{"start":{"line":5,"column":0},"end":{"line":26,"column":1}},"4":{"start":{"line":6,"column":20},"end":{"line":6,"column":31}},"5":{"start":{"line":8,"column":4},"end":{"line":25,"column":5}},"6":{"start":{"line":9,"column":8},"end":{"line":9,"column":36}},"7":{"start":{"line":11,"column":8},"end":{"line":22,"column":14}},"8":{"start":{"line":17,"column":16},"end":{"line":21,"column":17}},"9":{"start":{"line":18,"column":20},"end":{"line":18,"column":26}},"10":{"start":{"line":20,"column":20},"end":{"line":20,"column":42}},"11":{"start":{"line":24,"column":8},"end":{"line":24,"column":17}}},"fnMap":{"0":{"name":"(anonymous_0)","decl":{"start":{"line":5,"column":17},"end":{"line":5,"column":18}},"loc":{"start":{"line":5,"column":37},"end":{"line":26,"column":1}},"line":5},"1":{"name":"(anonymous_1)","decl":{"start":{"line":16,"column":18},"end":{"line":16,"column":19}},"loc":{"start":{"line":16,"column":26},"end":{"line":22,"column":13}},"line":16}},"branchMap":{"0":{"loc":{"start":{"line":17,"column":16},"end":{"line":21,"column":17}},"type":"if","locations":[{"start":{"line":17,"column":16},"end":{"line":21,"column":17}},{"start":{"line":17,"column":16},"end":{"line":21,"column":17}}],"line":17}},"s":{"0":1,"1":1,"2":1,"3":1,"4":6,"5":6,"6":6,"7":4,"8":4,"9":4,"10":0,"11":2},"f":{"0":6,"1":4},"b":{"0":[4,0]},"_coverageSchema":"1a1c01bbd47fc00a2c39e90264f33305004495a9","hash":"0af4160c3b8e499ead0aed0d985945be5dba74f6"}
,"/Users/fznakbar/Documents/h8-p3/final-project/auto-tune/server/middleware/errorHandler.js": {"path":"/Users/fznakbar/Documents/h8-p3/final-project/auto-tune/server/middleware/errorHandler.js","statementMap":{"0":{"start":{"line":1,"column":0},"end":{"line":40,"column":2}},"1":{"start":{"line":2,"column":14},"end":{"line":2,"column":17}},"2":{"start":{"line":3,"column":15},"end":{"line":3,"column":40}},"3":{"start":{"line":5,"column":1},"end":{"line":35,"column":2}},"4":{"start":{"line":7,"column":3},"end":{"line":7,"column":16}},"5":{"start":{"line":8,"column":3},"end":{"line":8,"column":27}},"6":{"start":{"line":9,"column":3},"end":{"line":9,"column":9}},"7":{"start":{"line":12,"column":3},"end":{"line":12,"column":16}},"8":{"start":{"line":13,"column":3},"end":{"line":13,"column":27}},"9":{"start":{"line":14,"column":3},"end":{"line":14,"column":9}},"10":{"start":{"line":17,"column":3},"end":{"line":17,"column":16}},"11":{"start":{"line":18,"column":3},"end":{"line":18,"column":42}},"12":{"start":{"line":19,"column":3},"end":{"line":19,"column":9}},"13":{"start":{"line":22,"column":16},"end":{"line":24,"column":5}},"14":{"start":{"line":23,"column":4},"end":{"line":23,"column":25}},"15":{"start":{"line":26,"column":3},"end":{"line":26,"column":16}},"16":{"start":{"line":27,"column":3},"end":{"line":27,"column":20}},"17":{"start":{"line":28,"column":3},"end":{"line":28,"column":9}},"18":{"start":{"line":32,"column":3},"end":{"line":32,"column":16}},"19":{"start":{"line":33,"column":3},"end":{"line":33,"column":31}},"20":{"start":{"line":34,"column":3},"end":{"line":34,"column":9}},"21":{"start":{"line":37,"column":1},"end":{"line":37,"column":56}},"22":{"start":{"line":39,"column":1},"end":{"line":39,"column":34}}},"fnMap":{"0":{"name":"(anonymous_0)","decl":{"start":{"line":1,"column":17},"end":{"line":1,"column":18}},"loc":{"start":{"line":1,"column":42},"end":{"line":40,"column":1}},"line":1},"1":{"name":"(anonymous_1)","decl":{"start":{"line":22,"column":31},"end":{"line":22,"column":32}},"loc":{"start":{"line":22,"column":42},"end":{"line":24,"column":4}},"line":22}},"branchMap":{"0":{"loc":{"start":{"line":5,"column":1},"end":{"line":35,"column":2}},"type":"switch","locations":[{"start":{"line":6,"column":2},"end":{"line":9,"column":9}},{"start":{"line":11,"column":2},"end":{"line":14,"column":9}},{"start":{"line":16,"column":2},"end":{"line":19,"column":9}},{"start":{"line":21,"column":2},"end":{"line":28,"column":9}},{"start":{"line":30,"column":2},"end":{"line":30,"column":27}},{"start":{"line":31,"column":2},"end":{"line":34,"column":9}}],"line":5},"1":{"loc":{"start":{"line":37,"column":1},"end":{"line":37,"column":55}},"type":"binary-expr","locations":[{"start":{"line":37,"column":1},"end":{"line":37,"column":15}},{"start":{"line":37,"column":19},"end":{"line":37,"column":55}}],"line":37}},"s":{"0":1,"1":11,"2":11,"3":11,"4":3,"5":3,"6":3,"7":3,"8":3,"9":3,"10":1,"11":1,"12":1,"13":2,"14":4,"15":2,"16":2,"17":2,"18":2,"19":2,"20":2,"21":11,"22":11},"f":{"0":11,"1":4},"b":{"0":[3,3,1,2,0,2],"1":[11,0]},"_coverageSchema":"1a1c01bbd47fc00a2c39e90264f33305004495a9","hash":"e34f657907c3c870a40da5115835ba55a386cd61"}
,"/Users/fznakbar/Documents/h8-p3/final-project/auto-tune/server/middleware/musicAuthorizaion.js": {"path":"/Users/fznakbar/Documents/h8-p3/final-project/auto-tune/server/middleware/musicAuthorizaion.js","statementMap":{"0":{"start":{"line":1,"column":18},"end":{"line":1,"column":38}},"1":{"start":{"line":2,"column":20},"end":{"line":2,"column":42}},"2":{"start":{"line":4,"column":0},"end":{"line":18,"column":2}},"3":{"start":{"line":5,"column":1},"end":{"line":17,"column":15}},"4":{"start":{"line":7,"column":3},"end":{"line":15,"column":4}},"5":{"start":{"line":8,"column":4},"end":{"line":12,"column":5}},"6":{"start":{"line":9,"column":5},"end":{"line":9,"column":12}},"7":{"start":{"line":11,"column":5},"end":{"line":11,"column":72}},"8":{"start":{"line":14,"column":4},"end":{"line":14,"column":45}}},"fnMap":{"0":{"name":"(anonymous_0)","decl":{"start":{"line":4,"column":17},"end":{"line":4,"column":18}},"loc":{"start":{"line":4,"column":37},"end":{"line":18,"column":1}},"line":4},"1":{"name":"(anonymous_1)","decl":{"start":{"line":6,"column":8},"end":{"line":6,"column":9}},"loc":{"start":{"line":6,"column":18},"end":{"line":16,"column":3}},"line":6}},"branchMap":{"0":{"loc":{"start":{"line":7,"column":3},"end":{"line":15,"column":4}},"type":"if","locations":[{"start":{"line":7,"column":3},"end":{"line":15,"column":4}},{"start":{"line":7,"column":3},"end":{"line":15,"column":4}}],"line":7},"1":{"loc":{"start":{"line":8,"column":4},"end":{"line":12,"column":5}},"type":"if","locations":[{"start":{"line":8,"column":4},"end":{"line":12,"column":5}},{"start":{"line":8,"column":4},"end":{"line":12,"column":5}}],"line":8}},"s":{"0":1,"1":1,"2":1,"3":2,"4":2,"5":1,"6":1,"7":0,"8":1},"f":{"0":2,"1":2},"b":{"0":[1,1],"1":[1,0]},"_coverageSchema":"1a1c01bbd47fc00a2c39e90264f33305004495a9","hash":"b820333b3ac43c94c40480b842a39875fe5b2a93"}
,"/Users/fznakbar/Documents/h8-p3/final-project/auto-tune/server/models/User.js": {"path":"/Users/fznakbar/Documents/h8-p3/final-project/auto-tune/server/models/User.js","statementMap":{"0":{"start":{"line":2,"column":15},"end":{"line":2,"column":43}},"1":{"start":{"line":4,"column":0},"end":{"line":38,"column":2}},"2":{"start":{"line":5,"column":14},"end":{"line":33,"column":2}},"3":{"start":{"line":29,"column":5},"end":{"line":29,"column":56}},"4":{"start":{"line":34,"column":1},"end":{"line":36,"column":3}},"5":{"start":{"line":35,"column":2},"end":{"line":35,"column":29}},"6":{"start":{"line":37,"column":1},"end":{"line":37,"column":13}}},"fnMap":{"0":{"name":"(anonymous_0)","decl":{"start":{"line":4,"column":17},"end":{"line":4,"column":18}},"loc":{"start":{"line":4,"column":43},"end":{"line":38,"column":1}},"line":4},"1":{"name":"(anonymous_1)","decl":{"start":{"line":28,"column":18},"end":{"line":28,"column":19}},"loc":{"start":{"line":28,"column":40},"end":{"line":30,"column":5}},"line":28},"2":{"name":"(anonymous_2)","decl":{"start":{"line":34,"column":18},"end":{"line":34,"column":19}},"loc":{"start":{"line":34,"column":36},"end":{"line":36,"column":2}},"line":34}},"branchMap":{},"s":{"0":1,"1":1,"2":1,"3":3,"4":1,"5":1,"6":1},"f":{"0":1,"1":3,"2":1},"b":{},"_coverageSchema":"1a1c01bbd47fc00a2c39e90264f33305004495a9","hash":"324db23b8464b8d4d241d7382878fdf12e4f94da"}
,"/Users/fznakbar/Documents/h8-p3/final-project/auto-tune/server/models/index.js": {"path":"/Users/fznakbar/Documents/h8-p3/final-project/auto-tune/server/models/index.js","statementMap":{"0":{"start":{"line":3,"column":11},"end":{"line":3,"column":24}},"1":{"start":{"line":4,"column":13},"end":{"line":4,"column":28}},"2":{"start":{"line":5,"column":18},"end":{"line":5,"column":38}},"3":{"start":{"line":6,"column":17},"end":{"line":6,"column":42}},"4":{"start":{"line":7,"column":12},"end":{"line":7,"column":49}},"5":{"start":{"line":8,"column":15},"end":{"line":8,"column":65}},"6":{"start":{"line":9,"column":11},"end":{"line":9,"column":13}},"7":{"start":{"line":12,"column":0},"end":{"line":16,"column":1}},"8":{"start":{"line":13,"column":2},"end":{"line":13,"column":74}},"9":{"start":{"line":15,"column":2},"end":{"line":15,"column":87}},"10":{"start":{"line":18,"column":0},"end":{"line":26,"column":5}},"11":{"start":{"line":21,"column":4},"end":{"line":21,"column":90}},"12":{"start":{"line":24,"column":18},"end":{"line":24,"column":65}},"13":{"start":{"line":25,"column":4},"end":{"line":25,"column":27}},"14":{"start":{"line":28,"column":0},"end":{"line":32,"column":3}},"15":{"start":{"line":29,"column":2},"end":{"line":31,"column":3}},"16":{"start":{"line":30,"column":4},"end":{"line":30,"column":32}},"17":{"start":{"line":34,"column":0},"end":{"line":34,"column":25}},"18":{"start":{"line":35,"column":0},"end":{"line":35,"column":25}},"19":{"start":{"line":37,"column":0},"end":{"line":37,"column":20}}},"fnMap":{"0":{"name":"(anonymous_0)","decl":{"start":{"line":20,"column":10},"end":{"line":20,"column":11}},"loc":{"start":{"line":20,"column":18},"end":{"line":22,"column":3}},"line":20},"1":{"name":"(anonymous_1)","decl":{"start":{"line":23,"column":11},"end":{"line":23,"column":12}},"loc":{"start":{"line":23,"column":19},"end":{"line":26,"column":3}},"line":23},"2":{"name":"(anonymous_2)","decl":{"start":{"line":28,"column":24},"end":{"line":28,"column":25}},"loc":{"start":{"line":28,"column":37},"end":{"line":32,"column":1}},"line":28}},"branchMap":{"0":{"loc":{"start":{"line":7,"column":12},"end":{"line":7,"column":49}},"type":"binary-expr","locations":[{"start":{"line":7,"column":12},"end":{"line":7,"column":32}},{"start":{"line":7,"column":36},"end":{"line":7,"column":49}}],"line":7},"1":{"loc":{"start":{"line":12,"column":0},"end":{"line":16,"column":1}},"type":"if","locations":[{"start":{"line":12,"column":0},"end":{"line":16,"column":1}},{"start":{"line":12,"column":0},"end":{"line":16,"column":1}}],"line":12},"2":{"loc":{"start":{"line":21,"column":11},"end":{"line":21,"column":89}},"type":"binary-expr","locations":[{"start":{"line":21,"column":12},"end":{"line":21,"column":35}},{"start":{"line":21,"column":41},"end":{"line":21,"column":58}},{"start":{"line":21,"column":64},"end":{"line":21,"column":88}}],"line":21},"3":{"loc":{"start":{"line":29,"column":2},"end":{"line":31,"column":3}},"type":"if","locations":[{"start":{"line":29,"column":2},"end":{"line":31,"column":3}},{"start":{"line":29,"column":2},"end":{"line":31,"column":3}}],"line":29}},"s":{"0":1,"1":1,"2":1,"3":1,"4":1,"5":1,"6":1,"7":1,"8":0,"9":1,"10":1,"11":3,"12":2,"13":2,"14":1,"15":2,"16":2,"17":1,"18":1,"19":1},"f":{"0":3,"1":2,"2":2},"b":{"0":[1,0],"1":[0,1],"2":[3,3,2],"3":[2,0]},"_coverageSchema":"1a1c01bbd47fc00a2c39e90264f33305004495a9","hash":"2df5d882baf7591eab84aad6d51afaa7410affbb"}
,"/Users/fznakbar/Documents/h8-p3/final-project/auto-tune/server/models/music.js": {"path":"/Users/fznakbar/Documents/h8-p3/final-project/auto-tune/server/models/music.js","statementMap":{"0":{"start":{"line":2,"column":0},"end":{"line":37,"column":2}},"1":{"start":{"line":3,"column":15},"end":{"line":32,"column":2}},"2":{"start":{"line":33,"column":1},"end":{"line":35,"column":3}},"3":{"start":{"line":34,"column":2},"end":{"line":34,"column":31}},"4":{"start":{"line":36,"column":1},"end":{"line":36,"column":14}}},"fnMap":{"0":{"name":"(anonymous_0)","decl":{"start":{"line":2,"column":17},"end":{"line":2,"column":18}},"loc":{"start":{"line":2,"column":43},"end":{"line":37,"column":1}},"line":2},"1":{"name":"(anonymous_1)","decl":{"start":{"line":33,"column":19},"end":{"line":33,"column":20}},"loc":{"start":{"line":33,"column":37},"end":{"line":35,"column":2}},"line":33}},"branchMap":{},"s":{"0":1,"1":1,"2":1,"3":1,"4":1},"f":{"0":1,"1":1},"b":{},"_coverageSchema":"1a1c01bbd47fc00a2c39e90264f33305004495a9","hash":"cf3d48f60f6bd153793f951f8bf54f7a25155c79"}
,"/Users/fznakbar/Documents/h8-p3/final-project/auto-tune/server/routes/index.js": {"path":"/Users/fznakbar/Documents/h8-p3/final-project/auto-tune/server/routes/index.js","statementMap":{"0":{"start":{"line":1,"column":15},"end":{"line":1,"column":42}},"1":{"start":{"line":3,"column":0},"end":{"line":5,"column":3}},"2":{"start":{"line":4,"column":1},"end":{"line":4,"column":30}},"3":{"start":{"line":7,"column":0},"end":{"line":7,"column":46}},"4":{"start":{"line":8,"column":0},"end":{"line":8,"column":48}},"5":{"start":{"line":10,"column":0},"end":{"line":10,"column":24}}},"fnMap":{"0":{"name":"(anonymous_0)","decl":{"start":{"line":3,"column":16},"end":{"line":3,"column":17}},"loc":{"start":{"line":3,"column":36},"end":{"line":5,"column":1}},"line":3}},"branchMap":{},"s":{"0":1,"1":1,"2":1,"3":1,"4":1,"5":1},"f":{"0":1},"b":{},"_coverageSchema":"1a1c01bbd47fc00a2c39e90264f33305004495a9","hash":"913213f5cd61fad60716a710ba216a9126fb003a"}
,"/Users/fznakbar/Documents/h8-p3/final-project/auto-tune/server/routes/musicRoutes.js": {"path":"/Users/fznakbar/Documents/h8-p3/final-project/auto-tune/server/routes/musicRoutes.js","statementMap":{"0":{"start":{"line":1,"column":15},"end":{"line":1,"column":42}},"1":{"start":{"line":2,"column":18},"end":{"line":2,"column":43}},"2":{"start":{"line":4,"column":0},"end":{"line":4,"column":35}},"3":{"start":{"line":5,"column":0},"end":{"line":5,"column":36}},"4":{"start":{"line":7,"column":0},"end":{"line":7,"column":52}},"5":{"start":{"line":8,"column":0},"end":{"line":8,"column":33}},"6":{"start":{"line":10,"column":0},"end":{"line":10,"column":63}},"7":{"start":{"line":11,"column":0},"end":{"line":11,"column":38}},"8":{"start":{"line":13,"column":0},"end":{"line":13,"column":24}}},"fnMap":{},"branchMap":{},"s":{"0":1,"1":1,"2":1,"3":1,"4":1,"5":1,"6":1,"7":1,"8":1},"f":{},"b":{},"_coverageSchema":"1a1c01bbd47fc00a2c39e90264f33305004495a9","hash":"3166d72cbc8c370da02c3f2ed84322974cc16ab2"}
,"/Users/fznakbar/Documents/h8-p3/final-project/auto-tune/server/routes/userRoutes.js": {"path":"/Users/fznakbar/Documents/h8-p3/final-project/auto-tune/server/routes/userRoutes.js","statementMap":{"0":{"start":{"line":1,"column":15},"end":{"line":1,"column":42}},"1":{"start":{"line":2,"column":17},"end":{"line":2,"column":42}},"2":{"start":{"line":4,"column":0},"end":{"line":4,"column":33}},"3":{"start":{"line":5,"column":0},"end":{"line":5,"column":40}},"4":{"start":{"line":6,"column":0},"end":{"line":6,"column":34}},"5":{"start":{"line":8,"column":0},"end":{"line":8,"column":24}}},"fnMap":{},"branchMap":{},"s":{"0":1,"1":1,"2":1,"3":1,"4":1,"5":1},"f":{},"b":{},"_coverageSchema":"1a1c01bbd47fc00a2c39e90264f33305004495a9","hash":"f167756d74c6c0b445cb7bcbd3cfb4b17e2d2eba"}
}
