{"/Users/fznakbar/Documents/h8-p3/final-project/auto-tune/server/index.js": {"path":"/Users/fznakbar/Documents/h8-p3/final-project/auto-tune/server/index.js","statementMap":{"0":{"start":{"line":1,"column":0},"end":{"line":4,"column":1}},"1":{"start":{"line":2,"column":1},"end":{"line":2,"column":28}},"2":{"start":{"line":3,"column":1},"end":{"line":3,"column":68}},"3":{"start":{"line":6,"column":16},"end":{"line":6,"column":34}},"4":{"start":{"line":7,"column":12},"end":{"line":7,"column":21}},"5":{"start":{"line":8,"column":13},"end":{"line":8,"column":28}},"6":{"start":{"line":9,"column":20},"end":{"line":9,"column":42}},"7":{"start":{"line":11,"column":0},"end":{"line":11,"column":16}},"8":{"start":{"line":12,"column":0},"end":{"line":12,"column":58}},"9":{"start":{"line":13,"column":0},"end":{"line":13,"column":64}},"10":{"start":{"line":16,"column":0},"end":{"line":16,"column":34}},"11":{"start":{"line":18,"column":0},"end":{"line":18,"column":46}},"12":{"start":{"line":21,"column":0},"end":{"line":21,"column":21}}},"fnMap":{},"branchMap":{"0":{"loc":{"start":{"line":1,"column":0},"end":{"line":4,"column":1}},"type":"if","locations":[{"start":{"line":1,"column":0},"end":{"line":4,"column":1}},{"start":{"line":1,"column":0},"end":{"line":4,"column":1}}],"line":1},"1":{"loc":{"start":{"line":1,"column":4},"end":{"line":1,"column":77}},"type":"binary-expr","locations":[{"start":{"line":1,"column":4},"end":{"line":1,"column":42}},{"start":{"line":1,"column":46},"end":{"line":1,"column":77}}],"line":1}},"s":{"0":1,"1":1,"2":1,"3":1,"4":1,"5":1,"6":1,"7":1,"8":1,"9":1,"10":1,"11":1,"12":1},"f":{},"b":{"0":[1,0],"1":[1,1]},"_coverageSchema":"1a1c01bbd47fc00a2c39e90264f33305004495a9","hash":"a38554ec96fab9c027d8a6d25e9632137b0b6dc0"}
,"/Users/fznakbar/Documents/h8-p3/final-project/auto-tune/server/controllers/commentController.js": {"path":"/Users/fznakbar/Documents/h8-p3/final-project/auto-tune/server/controllers/commentController.js","statementMap":{"0":{"start":{"line":1,"column":20},"end":{"line":1,"column":40}},"1":{"start":{"line":2,"column":20},"end":{"line":2,"column":42}},"2":{"start":{"line":3,"column":17},"end":{"line":3,"column":55}},"3":{"start":{"line":4,"column":26},"end":{"line":4,"column":29}},"4":{"start":{"line":8,"column":11},"end":{"line":8,"column":39}},"5":{"start":{"line":9,"column":2},"end":{"line":21,"column":16}},"6":{"start":{"line":15,"column":4},"end":{"line":19,"column":5}},"7":{"start":{"line":16,"column":5},"end":{"line":16,"column":32}},"8":{"start":{"line":18,"column":5},"end":{"line":18,"column":61}},"9":{"start":{"line":25,"column":15},"end":{"line":25,"column":26}},"10":{"start":{"line":26,"column":16},"end":{"line":26,"column":42}},"11":{"start":{"line":27,"column":20},"end":{"line":27,"column":28}},"12":{"start":{"line":28,"column":2},"end":{"line":48,"column":5}},"13":{"start":{"line":29,"column":3},"end":{"line":47,"column":17}},"14":{"start":{"line":32,"column":17},"end":{"line":32,"column":69}},"15":{"start":{"line":34,"column":5},"end":{"line":42,"column":6}},"16":{"start":{"line":35,"column":6},"end":{"line":39,"column":9}},"17":{"start":{"line":41,"column":6},"end":{"line":41,"column":49}},"18":{"start":{"line":45,"column":5},"end":{"line":45,"column":32}},"19":{"start":{"line":52,"column":11},"end":{"line":52,"column":39}},"20":{"start":{"line":53,"column":20},"end":{"line":53,"column":28}},"21":{"start":{"line":55,"column":2},"end":{"line":89,"column":5}},"22":{"start":{"line":56,"column":3},"end":{"line":88,"column":17}},"23":{"start":{"line":59,"column":17},"end":{"line":59,"column":69}},"24":{"start":{"line":61,"column":5},"end":{"line":65,"column":6}},"25":{"start":{"line":62,"column":6},"end":{"line":62,"column":34}},"26":{"start":{"line":64,"column":6},"end":{"line":64,"column":49}},"27":{"start":{"line":69,"column":5},"end":{"line":83,"column":6}},"28":{"start":{"line":70,"column":6},"end":{"line":80,"column":8}},"29":{"start":{"line":82,"column":6},"end":{"line":82,"column":62}},"30":{"start":{"line":86,"column":5},"end":{"line":86,"column":38}},"31":{"start":{"line":93,"column":11},"end":{"line":93,"column":39}},"32":{"start":{"line":95,"column":2},"end":{"line":111,"column":16}},"33":{"start":{"line":97,"column":4},"end":{"line":106,"column":5}},"34":{"start":{"line":98,"column":5},"end":{"line":98,"column":22}},"35":{"start":{"line":99,"column":5},"end":{"line":103,"column":8}},"36":{"start":{"line":105,"column":5},"end":{"line":105,"column":61}},"37":{"start":{"line":109,"column":4},"end":{"line":109,"column":36}},"38":{"start":{"line":115,"column":0},"end":{"line":115,"column":35}}},"fnMap":{"0":{"name":"(anonymous_0)","decl":{"start":{"line":7,"column":1},"end":{"line":7,"column":2}},"loc":{"start":{"line":7,"column":36},"end":{"line":22,"column":2}},"line":7},"1":{"name":"(anonymous_1)","decl":{"start":{"line":14,"column":9},"end":{"line":14,"column":10}},"loc":{"start":{"line":14,"column":19},"end":{"line":20,"column":4}},"line":14},"2":{"name":"(anonymous_2)","decl":{"start":{"line":24,"column":1},"end":{"line":24,"column":2}},"loc":{"start":{"line":24,"column":35},"end":{"line":49,"column":2}},"line":24},"3":{"name":"(anonymous_3)","decl":{"start":{"line":28,"column":40},"end":{"line":28,"column":41}},"loc":{"start":{"line":28,"column":51},"end":{"line":48,"column":3}},"line":28},"4":{"name":"(anonymous_4)","decl":{"start":{"line":31,"column":10},"end":{"line":31,"column":11}},"loc":{"start":{"line":31,"column":27},"end":{"line":43,"column":5}},"line":31},"5":{"name":"(anonymous_5)","decl":{"start":{"line":44,"column":10},"end":{"line":44,"column":11}},"loc":{"start":{"line":44,"column":20},"end":{"line":46,"column":5}},"line":44},"6":{"name":"(anonymous_6)","decl":{"start":{"line":51,"column":1},"end":{"line":51,"column":2}},"loc":{"start":{"line":51,"column":36},"end":{"line":90,"column":2}},"line":51},"7":{"name":"(anonymous_7)","decl":{"start":{"line":55,"column":40},"end":{"line":55,"column":41}},"loc":{"start":{"line":55,"column":51},"end":{"line":89,"column":3}},"line":55},"8":{"name":"(anonymous_8)","decl":{"start":{"line":58,"column":10},"end":{"line":58,"column":11}},"loc":{"start":{"line":58,"column":27},"end":{"line":66,"column":5}},"line":58},"9":{"name":"(anonymous_9)","decl":{"start":{"line":68,"column":10},"end":{"line":68,"column":11}},"loc":{"start":{"line":68,"column":20},"end":{"line":84,"column":5}},"line":68},"10":{"name":"(anonymous_10)","decl":{"start":{"line":85,"column":10},"end":{"line":85,"column":11}},"loc":{"start":{"line":85,"column":20},"end":{"line":87,"column":5}},"line":85},"11":{"name":"(anonymous_11)","decl":{"start":{"line":92,"column":1},"end":{"line":92,"column":2}},"loc":{"start":{"line":92,"column":36},"end":{"line":112,"column":2}},"line":92},"12":{"name":"(anonymous_12)","decl":{"start":{"line":96,"column":9},"end":{"line":96,"column":10}},"loc":{"start":{"line":96,"column":19},"end":{"line":107,"column":4}},"line":96},"13":{"name":"(anonymous_13)","decl":{"start":{"line":108,"column":9},"end":{"line":108,"column":10}},"loc":{"start":{"line":108,"column":19},"end":{"line":110,"column":4}},"line":108}},"branchMap":{"0":{"loc":{"start":{"line":15,"column":4},"end":{"line":19,"column":5}},"type":"if","locations":[{"start":{"line":15,"column":4},"end":{"line":19,"column":5}},{"start":{"line":15,"column":4},"end":{"line":19,"column":5}}],"line":15},"1":{"loc":{"start":{"line":34,"column":5},"end":{"line":42,"column":6}},"type":"if","locations":[{"start":{"line":34,"column":5},"end":{"line":42,"column":6}},{"start":{"line":34,"column":5},"end":{"line":42,"column":6}}],"line":34},"2":{"loc":{"start":{"line":61,"column":5},"end":{"line":65,"column":6}},"type":"if","locations":[{"start":{"line":61,"column":5},"end":{"line":65,"column":6}},{"start":{"line":61,"column":5},"end":{"line":65,"column":6}}],"line":61},"3":{"loc":{"start":{"line":69,"column":5},"end":{"line":83,"column":6}},"type":"if","locations":[{"start":{"line":69,"column":5},"end":{"line":83,"column":6}},{"start":{"line":69,"column":5},"end":{"line":83,"column":6}}],"line":69},"4":{"loc":{"start":{"line":97,"column":4},"end":{"line":106,"column":5}},"type":"if","locations":[{"start":{"line":97,"column":4},"end":{"line":106,"column":5}},{"start":{"line":97,"column":4},"end":{"line":106,"column":5}}],"line":97}},"s":{"0":1,"1":1,"2":1,"3":1,"4":0,"5":0,"6":0,"7":0,"8":0,"9":0,"10":0,"11":0,"12":0,"13":0,"14":0,"15":0,"16":0,"17":0,"18":0,"19":0,"20":0,"21":0,"22":0,"23":0,"24":0,"25":0,"26":0,"27":0,"28":0,"29":0,"30":0,"31":0,"32":0,"33":0,"34":0,"35":0,"36":0,"37":0,"38":1},"f":{"0":0,"1":0,"2":0,"3":0,"4":0,"5":0,"6":0,"7":0,"8":0,"9":0,"10":0,"11":0,"12":0,"13":0},"b":{"0":[0,0],"1":[0,0],"2":[0,0],"3":[0,0],"4":[0,0]},"_coverageSchema":"1a1c01bbd47fc00a2c39e90264f33305004495a9","hash":"fd0a61c2a3169185840d7ce5ffa7ffeacc380ef9"}
,"/Users/fznakbar/Documents/h8-p3/final-project/auto-tune/server/controllers/index.js": {"path":"/Users/fznakbar/Documents/h8-p3/final-project/auto-tune/server/controllers/index.js","statementMap":{"0":{"start":{"line":1,"column":0},"end":{"line":1,"column":43}},"1":{"start":{"line":2,"column":0},"end":{"line":2,"column":45}},"2":{"start":{"line":3,"column":0},"end":{"line":3,"column":47}},"3":{"start":{"line":4,"column":0},"end":{"line":4,"column":49}}},"fnMap":{},"branchMap":{},"s":{"0":1,"1":1,"2":1,"3":1},"f":{},"b":{},"_coverageSchema":"1a1c01bbd47fc00a2c39e90264f33305004495a9","hash":"792a82780aef24e9f466c7eb805c81c058a7f074"}
,"/Users/fznakbar/Documents/h8-p3/final-project/auto-tune/server/controllers/musicController.js": {"path":"/Users/fznakbar/Documents/h8-p3/final-project/auto-tune/server/controllers/musicController.js","statementMap":{"0":{"start":{"line":1,"column":41},"end":{"line":1,"column":61}},"1":{"start":{"line":2,"column":20},"end":{"line":2,"column":42}},"2":{"start":{"line":6,"column":2},"end":{"line":41,"column":16}},"3":{"start":{"line":21,"column":15},"end":{"line":21,"column":16}},"4":{"start":{"line":22,"column":18},"end":{"line":22,"column":19}},"5":{"start":{"line":24,"column":4},"end":{"line":34,"column":7}},"6":{"start":{"line":25,"column":5},"end":{"line":31,"column":8}},"7":{"start":{"line":26,"column":6},"end":{"line":30,"column":7}},"8":{"start":{"line":27,"column":7},"end":{"line":27,"column":14}},"9":{"start":{"line":29,"column":7},"end":{"line":29,"column":17}},"10":{"start":{"line":33,"column":5},"end":{"line":33,"column":46}},"11":{"start":{"line":36,"column":4},"end":{"line":38,"column":6}},"12":{"start":{"line":37,"column":15},"end":{"line":37,"column":68}},"13":{"start":{"line":39,"column":4},"end":{"line":39,"column":31}},"14":{"start":{"line":45,"column":11},"end":{"line":45,"column":32}},"15":{"start":{"line":47,"column":2},"end":{"line":98,"column":16}},"16":{"start":{"line":79,"column":4},"end":{"line":96,"column":5}},"17":{"start":{"line":80,"column":16},"end":{"line":80,"column":18}},"18":{"start":{"line":81,"column":19},"end":{"line":81,"column":21}},"19":{"start":{"line":83,"column":5},"end":{"line":89,"column":8}},"20":{"start":{"line":84,"column":6},"end":{"line":88,"column":7}},"21":{"start":{"line":85,"column":7},"end":{"line":85,"column":20}},"22":{"start":{"line":87,"column":7},"end":{"line":87,"column":23}},"23":{"start":{"line":91,"column":5},"end":{"line":91,"column":49}},"24":{"start":{"line":93,"column":5},"end":{"line":93,"column":32}},"25":{"start":{"line":95,"column":5},"end":{"line":95,"column":59}},"26":{"start":{"line":102,"column":29},"end":{"line":102,"column":37}},"27":{"start":{"line":103,"column":15},"end":{"line":103,"column":26}},"28":{"start":{"line":105,"column":2},"end":{"line":112,"column":16}},"29":{"start":{"line":107,"column":4},"end":{"line":110,"column":7}},"30":{"start":{"line":116,"column":11},"end":{"line":116,"column":32}},"31":{"start":{"line":118,"column":2},"end":{"line":136,"column":16}},"32":{"start":{"line":124,"column":4},"end":{"line":134,"column":5}},"33":{"start":{"line":125,"column":5},"end":{"line":129,"column":8}},"34":{"start":{"line":131,"column":5},"end":{"line":131,"column":32}},"35":{"start":{"line":133,"column":5},"end":{"line":133,"column":59}},"36":{"start":{"line":140,"column":0},"end":{"line":140,"column":33}}},"fnMap":{"0":{"name":"(anonymous_0)","decl":{"start":{"line":5,"column":1},"end":{"line":5,"column":2}},"loc":{"start":{"line":5,"column":36},"end":{"line":42,"column":2}},"line":5},"1":{"name":"(anonymous_1)","decl":{"start":{"line":20,"column":9},"end":{"line":20,"column":10}},"loc":{"start":{"line":20,"column":19},"end":{"line":40,"column":4}},"line":20},"2":{"name":"(anonymous_2)","decl":{"start":{"line":24,"column":17},"end":{"line":24,"column":18}},"loc":{"start":{"line":24,"column":24},"end":{"line":34,"column":5}},"line":24},"3":{"name":"(anonymous_3)","decl":{"start":{"line":25,"column":34},"end":{"line":25,"column":35}},"loc":{"start":{"line":25,"column":41},"end":{"line":31,"column":6}},"line":25},"4":{"name":"(anonymous_4)","decl":{"start":{"line":37,"column":5},"end":{"line":37,"column":6}},"loc":{"start":{"line":37,"column":15},"end":{"line":37,"column":68}},"line":37},"5":{"name":"(anonymous_5)","decl":{"start":{"line":44,"column":1},"end":{"line":44,"column":2}},"loc":{"start":{"line":44,"column":34},"end":{"line":99,"column":2}},"line":44},"6":{"name":"(anonymous_6)","decl":{"start":{"line":78,"column":9},"end":{"line":78,"column":10}},"loc":{"start":{"line":78,"column":19},"end":{"line":97,"column":4}},"line":78},"7":{"name":"(anonymous_7)","decl":{"start":{"line":83,"column":37},"end":{"line":83,"column":38}},"loc":{"start":{"line":83,"column":44},"end":{"line":89,"column":6}},"line":83},"8":{"name":"(anonymous_8)","decl":{"start":{"line":101,"column":1},"end":{"line":101,"column":2}},"loc":{"start":{"line":101,"column":33},"end":{"line":113,"column":2}},"line":101},"9":{"name":"(anonymous_9)","decl":{"start":{"line":106,"column":9},"end":{"line":106,"column":10}},"loc":{"start":{"line":106,"column":19},"end":{"line":111,"column":4}},"line":106},"10":{"name":"(anonymous_10)","decl":{"start":{"line":115,"column":1},"end":{"line":115,"column":2}},"loc":{"start":{"line":115,"column":33},"end":{"line":137,"column":2}},"line":115},"11":{"name":"(anonymous_11)","decl":{"start":{"line":123,"column":9},"end":{"line":123,"column":10}},"loc":{"start":{"line":123,"column":19},"end":{"line":135,"column":4}},"line":123}},"branchMap":{"0":{"loc":{"start":{"line":26,"column":6},"end":{"line":30,"column":7}},"type":"if","locations":[{"start":{"line":26,"column":6},"end":{"line":30,"column":7}},{"start":{"line":26,"column":6},"end":{"line":30,"column":7}}],"line":26},"1":{"loc":{"start":{"line":79,"column":4},"end":{"line":96,"column":5}},"type":"if","locations":[{"start":{"line":79,"column":4},"end":{"line":96,"column":5}},{"start":{"line":79,"column":4},"end":{"line":96,"column":5}}],"line":79},"2":{"loc":{"start":{"line":84,"column":6},"end":{"line":88,"column":7}},"type":"if","locations":[{"start":{"line":84,"column":6},"end":{"line":88,"column":7}},{"start":{"line":84,"column":6},"end":{"line":88,"column":7}}],"line":84},"3":{"loc":{"start":{"line":124,"column":4},"end":{"line":134,"column":5}},"type":"if","locations":[{"start":{"line":124,"column":4},"end":{"line":134,"column":5}},{"start":{"line":124,"column":4},"end":{"line":134,"column":5}}],"line":124}},"s":{"0":1,"1":1,"2":1,"3":1,"4":1,"5":1,"6":1,"7":0,"8":0,"9":0,"10":1,"11":1,"12":0,"13":1,"14":1,"15":1,"16":1,"17":1,"18":1,"19":1,"20":0,"21":0,"22":0,"23":1,"24":1,"25":0,"26":2,"27":2,"28":2,"29":2,"30":1,"31":1,"32":1,"33":1,"34":1,"35":0,"36":1},"f":{"0":1,"1":1,"2":1,"3":0,"4":0,"5":1,"6":1,"7":0,"8":2,"9":2,"10":1,"11":1},"b":{"0":[0,0],"1":[1,0],"2":[0,0],"3":[1,0]},"_coverageSchema":"1a1c01bbd47fc00a2c39e90264f33305004495a9","hash":"dc93dcfdc8bd5b2f1c844a620e382193144298e3"}
,"/Users/fznakbar/Documents/h8-p3/final-project/auto-tune/server/controllers/ratingController.js": {"path":"/Users/fznakbar/Documents/h8-p3/final-project/auto-tune/server/controllers/ratingController.js","statementMap":{"0":{"start":{"line":1,"column":19},"end":{"line":1,"column":39}},"1":{"start":{"line":5,"column":15},"end":{"line":5,"column":26}},"2":{"start":{"line":6,"column":16},"end":{"line":6,"column":42}},"3":{"start":{"line":7,"column":13},"end":{"line":7,"column":17}},"4":{"start":{"line":9,"column":2},"end":{"line":39,"column":16}},"5":{"start":{"line":16,"column":4},"end":{"line":34,"column":5}},"6":{"start":{"line":17,"column":5},"end":{"line":27,"column":7}},"7":{"start":{"line":29,"column":5},"end":{"line":33,"column":8}},"8":{"start":{"line":37,"column":4},"end":{"line":37,"column":27}},"9":{"start":{"line":43,"column":15},"end":{"line":43,"column":26}},"10":{"start":{"line":44,"column":16},"end":{"line":44,"column":42}},"11":{"start":{"line":45,"column":13},"end":{"line":45,"column":18}},"12":{"start":{"line":47,"column":2},"end":{"line":77,"column":16}},"13":{"start":{"line":54,"column":4},"end":{"line":72,"column":5}},"14":{"start":{"line":55,"column":5},"end":{"line":65,"column":7}},"15":{"start":{"line":67,"column":5},"end":{"line":71,"column":8}},"16":{"start":{"line":75,"column":4},"end":{"line":75,"column":27}},"17":{"start":{"line":81,"column":15},"end":{"line":81,"column":26}},"18":{"start":{"line":82,"column":16},"end":{"line":82,"column":42}},"19":{"start":{"line":84,"column":2},"end":{"line":93,"column":16}},"20":{"start":{"line":91,"column":4},"end":{"line":91,"column":27}},"21":{"start":{"line":97,"column":0},"end":{"line":97,"column":34}}},"fnMap":{"0":{"name":"(anonymous_0)","decl":{"start":{"line":4,"column":1},"end":{"line":4,"column":2}},"loc":{"start":{"line":4,"column":29},"end":{"line":40,"column":2}},"line":4},"1":{"name":"(anonymous_1)","decl":{"start":{"line":15,"column":9},"end":{"line":15,"column":10}},"loc":{"start":{"line":15,"column":19},"end":{"line":35,"column":4}},"line":15},"2":{"name":"(anonymous_2)","decl":{"start":{"line":36,"column":9},"end":{"line":36,"column":10}},"loc":{"start":{"line":36,"column":19},"end":{"line":38,"column":4}},"line":36},"3":{"name":"(anonymous_3)","decl":{"start":{"line":42,"column":1},"end":{"line":42,"column":2}},"loc":{"start":{"line":42,"column":32},"end":{"line":78,"column":2}},"line":42},"4":{"name":"(anonymous_4)","decl":{"start":{"line":53,"column":9},"end":{"line":53,"column":10}},"loc":{"start":{"line":53,"column":19},"end":{"line":73,"column":4}},"line":53},"5":{"name":"(anonymous_5)","decl":{"start":{"line":74,"column":9},"end":{"line":74,"column":10}},"loc":{"start":{"line":74,"column":19},"end":{"line":76,"column":4}},"line":74},"6":{"name":"(anonymous_6)","decl":{"start":{"line":80,"column":1},"end":{"line":80,"column":2}},"loc":{"start":{"line":80,"column":31},"end":{"line":94,"column":2}},"line":80},"7":{"name":"(anonymous_7)","decl":{"start":{"line":90,"column":9},"end":{"line":90,"column":10}},"loc":{"start":{"line":90,"column":19},"end":{"line":92,"column":4}},"line":90}},"branchMap":{"0":{"loc":{"start":{"line":16,"column":4},"end":{"line":34,"column":5}},"type":"if","locations":[{"start":{"line":16,"column":4},"end":{"line":34,"column":5}},{"start":{"line":16,"column":4},"end":{"line":34,"column":5}}],"line":16},"1":{"loc":{"start":{"line":54,"column":4},"end":{"line":72,"column":5}},"type":"if","locations":[{"start":{"line":54,"column":4},"end":{"line":72,"column":5}},{"start":{"line":54,"column":4},"end":{"line":72,"column":5}}],"line":54}},"s":{"0":1,"1":1,"2":1,"3":1,"4":1,"5":1,"6":0,"7":1,"8":1,"9":1,"10":1,"11":1,"12":1,"13":1,"14":1,"15":0,"16":1,"17":1,"18":1,"19":1,"20":1,"21":1},"f":{"0":1,"1":1,"2":1,"3":1,"4":1,"5":1,"6":1,"7":1},"b":{"0":[0,1],"1":[1,0]},"_coverageSchema":"1a1c01bbd47fc00a2c39e90264f33305004495a9","hash":"ab5f9a58b9903eb13698fb47b58af34ca7deee4b"}
,"/Users/fznakbar/Documents/h8-p3/final-project/auto-tune/server/controllers/userController.js": {"path":"/Users/fznakbar/Documents/h8-p3/final-project/auto-tune/server/controllers/userController.js","statementMap":{"0":{"start":{"line":1,"column":41},"end":{"line":1,"column":61}},"1":{"start":{"line":2,"column":20},"end":{"line":2,"column":42}},"2":{"start":{"line":3,"column":12},"end":{"line":3,"column":37}},"3":{"start":{"line":4,"column":15},"end":{"line":4,"column":43}},"4":{"start":{"line":9,"column":31},"end":{"line":9,"column":39}},"5":{"start":{"line":10,"column":2},"end":{"line":21,"column":16}},"6":{"start":{"line":12,"column":16},"end":{"line":14,"column":6}},"7":{"start":{"line":16,"column":4},"end":{"line":19,"column":7}},"8":{"start":{"line":25,"column":31},"end":{"line":25,"column":39}},"9":{"start":{"line":28,"column":2},"end":{"line":51,"column":16}},"10":{"start":{"line":34,"column":4},"end":{"line":49,"column":5}},"11":{"start":{"line":35,"column":5},"end":{"line":46,"column":6}},"12":{"start":{"line":36,"column":18},"end":{"line":38,"column":8}},"13":{"start":{"line":40,"column":6},"end":{"line":43,"column":9}},"14":{"start":{"line":45,"column":6},"end":{"line":45,"column":56}},"15":{"start":{"line":48,"column":5},"end":{"line":48,"column":55}},"16":{"start":{"line":55,"column":11},"end":{"line":55,"column":32}},"17":{"start":{"line":57,"column":2},"end":{"line":117,"column":16}},"18":{"start":{"line":115,"column":4},"end":{"line":115,"column":31}},"19":{"start":{"line":121,"column":0},"end":{"line":121,"column":32}}},"fnMap":{"0":{"name":"(anonymous_0)","decl":{"start":{"line":7,"column":1},"end":{"line":7,"column":2}},"loc":{"start":{"line":7,"column":33},"end":{"line":22,"column":2}},"line":7},"1":{"name":"(anonymous_1)","decl":{"start":{"line":11,"column":9},"end":{"line":11,"column":10}},"loc":{"start":{"line":11,"column":19},"end":{"line":20,"column":4}},"line":11},"2":{"name":"(anonymous_2)","decl":{"start":{"line":24,"column":1},"end":{"line":24,"column":2}},"loc":{"start":{"line":24,"column":30},"end":{"line":52,"column":2}},"line":24},"3":{"name":"(anonymous_3)","decl":{"start":{"line":33,"column":9},"end":{"line":33,"column":10}},"loc":{"start":{"line":33,"column":19},"end":{"line":50,"column":4}},"line":33},"4":{"name":"(anonymous_4)","decl":{"start":{"line":54,"column":1},"end":{"line":54,"column":2}},"loc":{"start":{"line":54,"column":32},"end":{"line":118,"column":2}},"line":54},"5":{"name":"(anonymous_5)","decl":{"start":{"line":114,"column":9},"end":{"line":114,"column":10}},"loc":{"start":{"line":114,"column":19},"end":{"line":116,"column":4}},"line":114}},"branchMap":{"0":{"loc":{"start":{"line":34,"column":4},"end":{"line":49,"column":5}},"type":"if","locations":[{"start":{"line":34,"column":4},"end":{"line":49,"column":5}},{"start":{"line":34,"column":4},"end":{"line":49,"column":5}}],"line":34},"1":{"loc":{"start":{"line":35,"column":5},"end":{"line":46,"column":6}},"type":"if","locations":[{"start":{"line":35,"column":5},"end":{"line":46,"column":6}},{"start":{"line":35,"column":5},"end":{"line":46,"column":6}}],"line":35}},"s":{"0":1,"1":1,"2":1,"3":1,"4":1,"5":1,"6":1,"7":1,"8":1,"9":1,"10":1,"11":1,"12":1,"13":1,"14":0,"15":0,"16":1,"17":1,"18":1,"19":1},"f":{"0":1,"1":1,"2":1,"3":1,"4":1,"5":1},"b":{"0":[1,0],"1":[1,0]},"_coverageSchema":"1a1c01bbd47fc00a2c39e90264f33305004495a9","hash":"6911c544319024107734f7c7477762061fb2f76d"}
,"/Users/fznakbar/Documents/h8-p3/final-project/auto-tune/server/helpers/bcrypt.js": {"path":"/Users/fznakbar/Documents/h8-p3/final-project/auto-tune/server/helpers/bcrypt.js","statementMap":{"0":{"start":{"line":1,"column":15},"end":{"line":1,"column":32}},"1":{"start":{"line":2,"column":19},"end":{"line":2,"column":21}},"2":{"start":{"line":4,"column":0},"end":{"line":12,"column":2}},"3":{"start":{"line":6,"column":2},"end":{"line":6,"column":47}},"4":{"start":{"line":10,"column":8},"end":{"line":10,"column":51}}},"fnMap":{"0":{"name":"(anonymous_0)","decl":{"start":{"line":5,"column":1},"end":{"line":5,"column":2}},"loc":{"start":{"line":5,"column":16},"end":{"line":7,"column":5}},"line":5},"1":{"name":"(anonymous_1)","decl":{"start":{"line":9,"column":4},"end":{"line":9,"column":5}},"loc":{"start":{"line":9,"column":30},"end":{"line":11,"column":5}},"line":9}},"branchMap":{},"s":{"0":1,"1":1,"2":1,"3":1,"4":1},"f":{"0":1,"1":1},"b":{},"_coverageSchema":"1a1c01bbd47fc00a2c39e90264f33305004495a9","hash":"ffa17e53c16fb062e74d241530f1cfbb9b65313e"}
,"/Users/fznakbar/Documents/h8-p3/final-project/auto-tune/server/helpers/jwt.js": {"path":"/Users/fznakbar/Documents/h8-p3/final-project/auto-tune/server/helpers/jwt.js","statementMap":{"0":{"start":{"line":1,"column":12},"end":{"line":1,"column":35}},"1":{"start":{"line":2,"column":15},"end":{"line":2,"column":37}},"2":{"start":{"line":5,"column":1},"end":{"line":5,"column":34}},"3":{"start":{"line":9,"column":1},"end":{"line":9,"column":34}},"4":{"start":{"line":12,"column":0},"end":{"line":15,"column":2}}},"fnMap":{"0":{"name":"sign","decl":{"start":{"line":4,"column":9},"end":{"line":4,"column":13}},"loc":{"start":{"line":4,"column":23},"end":{"line":6,"column":1}},"line":4},"1":{"name":"verify","decl":{"start":{"line":8,"column":9},"end":{"line":8,"column":15}},"loc":{"start":{"line":8,"column":23},"end":{"line":10,"column":1}},"line":8}},"branchMap":{},"s":{"0":1,"1":1,"2":2,"3":6,"4":1},"f":{"0":2,"1":6},"b":{},"_coverageSchema":"1a1c01bbd47fc00a2c39e90264f33305004495a9","hash":"91625cc02cf3c21164be4374bd2bafae754ecfd1"}
,"/Users/fznakbar/Documents/h8-p3/final-project/auto-tune/server/middleware/authentication.js": {"path":"/Users/fznakbar/Documents/h8-p3/final-project/auto-tune/server/middleware/authentication.js","statementMap":{"0":{"start":{"line":1,"column":12},"end":{"line":1,"column":37}},"1":{"start":{"line":2,"column":20},"end":{"line":2,"column":42}},"2":{"start":{"line":3,"column":14},"end":{"line":3,"column":34}},"3":{"start":{"line":5,"column":0},"end":{"line":26,"column":1}},"4":{"start":{"line":6,"column":20},"end":{"line":6,"column":31}},"5":{"start":{"line":8,"column":4},"end":{"line":25,"column":5}},"6":{"start":{"line":9,"column":8},"end":{"line":9,"column":36}},"7":{"start":{"line":11,"column":8},"end":{"line":22,"column":14}},"8":{"start":{"line":17,"column":16},"end":{"line":21,"column":17}},"9":{"start":{"line":18,"column":20},"end":{"line":18,"column":26}},"10":{"start":{"line":20,"column":20},"end":{"line":20,"column":63}},"11":{"start":{"line":24,"column":8},"end":{"line":24,"column":17}}},"fnMap":{"0":{"name":"(anonymous_0)","decl":{"start":{"line":5,"column":17},"end":{"line":5,"column":18}},"loc":{"start":{"line":5,"column":37},"end":{"line":26,"column":1}},"line":5},"1":{"name":"(anonymous_1)","decl":{"start":{"line":16,"column":18},"end":{"line":16,"column":19}},"loc":{"start":{"line":16,"column":26},"end":{"line":22,"column":13}},"line":16}},"branchMap":{"0":{"loc":{"start":{"line":17,"column":16},"end":{"line":21,"column":17}},"type":"if","locations":[{"start":{"line":17,"column":16},"end":{"line":21,"column":17}},{"start":{"line":17,"column":16},"end":{"line":21,"column":17}}],"line":17}},"s":{"0":1,"1":1,"2":1,"3":1,"4":6,"5":6,"6":6,"7":6,"8":6,"9":6,"10":0,"11":0},"f":{"0":6,"1":6},"b":{"0":[6,0]},"_coverageSchema":"1a1c01bbd47fc00a2c39e90264f33305004495a9","hash":"151f1b21f518942abc24631b813e2823b522f636"}
,"/Users/fznakbar/Documents/h8-p3/final-project/auto-tune/server/middleware/commentAuthorizaion.js": {"path":"/Users/fznakbar/Documents/h8-p3/final-project/auto-tune/server/middleware/commentAuthorizaion.js","statementMap":{"0":{"start":{"line":1,"column":20},"end":{"line":1,"column":40}},"1":{"start":{"line":2,"column":20},"end":{"line":2,"column":42}},"2":{"start":{"line":4,"column":0},"end":{"line":18,"column":2}},"3":{"start":{"line":5,"column":1},"end":{"line":17,"column":15}},"4":{"start":{"line":7,"column":3},"end":{"line":15,"column":4}},"5":{"start":{"line":8,"column":4},"end":{"line":12,"column":5}},"6":{"start":{"line":9,"column":5},"end":{"line":9,"column":12}},"7":{"start":{"line":11,"column":5},"end":{"line":11,"column":74}},"8":{"start":{"line":14,"column":4},"end":{"line":14,"column":48}}},"fnMap":{"0":{"name":"(anonymous_0)","decl":{"start":{"line":4,"column":17},"end":{"line":4,"column":18}},"loc":{"start":{"line":4,"column":37},"end":{"line":18,"column":1}},"line":4},"1":{"name":"(anonymous_1)","decl":{"start":{"line":6,"column":8},"end":{"line":6,"column":9}},"loc":{"start":{"line":6,"column":18},"end":{"line":16,"column":3}},"line":6}},"branchMap":{"0":{"loc":{"start":{"line":7,"column":3},"end":{"line":15,"column":4}},"type":"if","locations":[{"start":{"line":7,"column":3},"end":{"line":15,"column":4}},{"start":{"line":7,"column":3},"end":{"line":15,"column":4}}],"line":7},"1":{"loc":{"start":{"line":8,"column":4},"end":{"line":12,"column":5}},"type":"if","locations":[{"start":{"line":8,"column":4},"end":{"line":12,"column":5}},{"start":{"line":8,"column":4},"end":{"line":12,"column":5}}],"line":8}},"s":{"0":1,"1":1,"2":1,"3":0,"4":0,"5":0,"6":0,"7":0,"8":0},"f":{"0":0,"1":0},"b":{"0":[0,0],"1":[0,0]},"_coverageSchema":"1a1c01bbd47fc00a2c39e90264f33305004495a9","hash":"a516bba8ed36761a82b7539e6561fbf9f3c6cc4b"}
,"/Users/fznakbar/Documents/h8-p3/final-project/auto-tune/server/middleware/errorHandler.js": {"path":"/Users/fznakbar/Documents/h8-p3/final-project/auto-tune/server/middleware/errorHandler.js","statementMap":{"0":{"start":{"line":1,"column":0},"end":{"line":45,"column":2}},"1":{"start":{"line":2,"column":14},"end":{"line":2,"column":17}},"2":{"start":{"line":3,"column":15},"end":{"line":3,"column":40}},"3":{"start":{"line":5,"column":1},"end":{"line":40,"column":2}},"4":{"start":{"line":7,"column":3},"end":{"line":7,"column":16}},"5":{"start":{"line":8,"column":3},"end":{"line":8,"column":27}},"6":{"start":{"line":9,"column":3},"end":{"line":9,"column":9}},"7":{"start":{"line":12,"column":3},"end":{"line":12,"column":16}},"8":{"start":{"line":13,"column":3},"end":{"line":13,"column":27}},"9":{"start":{"line":14,"column":3},"end":{"line":14,"column":9}},"10":{"start":{"line":17,"column":3},"end":{"line":17,"column":16}},"11":{"start":{"line":18,"column":3},"end":{"line":18,"column":27}},"12":{"start":{"line":19,"column":3},"end":{"line":19,"column":9}},"13":{"start":{"line":22,"column":3},"end":{"line":22,"column":16}},"14":{"start":{"line":23,"column":3},"end":{"line":23,"column":42}},"15":{"start":{"line":24,"column":3},"end":{"line":24,"column":9}},"16":{"start":{"line":27,"column":16},"end":{"line":29,"column":5}},"17":{"start":{"line":28,"column":4},"end":{"line":28,"column":25}},"18":{"start":{"line":31,"column":3},"end":{"line":31,"column":16}},"19":{"start":{"line":32,"column":3},"end":{"line":32,"column":20}},"20":{"start":{"line":33,"column":3},"end":{"line":33,"column":9}},"21":{"start":{"line":37,"column":3},"end":{"line":37,"column":16}},"22":{"start":{"line":38,"column":3},"end":{"line":38,"column":31}},"23":{"start":{"line":39,"column":3},"end":{"line":39,"column":9}},"24":{"start":{"line":42,"column":1},"end":{"line":42,"column":56}},"25":{"start":{"line":44,"column":1},"end":{"line":44,"column":34}}},"fnMap":{"0":{"name":"(anonymous_0)","decl":{"start":{"line":1,"column":17},"end":{"line":1,"column":18}},"loc":{"start":{"line":1,"column":42},"end":{"line":45,"column":1}},"line":1},"1":{"name":"(anonymous_1)","decl":{"start":{"line":27,"column":31},"end":{"line":27,"column":32}},"loc":{"start":{"line":27,"column":42},"end":{"line":29,"column":4}},"line":27}},"branchMap":{"0":{"loc":{"start":{"line":5,"column":1},"end":{"line":40,"column":2}},"type":"switch","locations":[{"start":{"line":6,"column":2},"end":{"line":9,"column":9}},{"start":{"line":11,"column":2},"end":{"line":14,"column":9}},{"start":{"line":16,"column":2},"end":{"line":19,"column":9}},{"start":{"line":21,"column":2},"end":{"line":24,"column":9}},{"start":{"line":26,"column":2},"end":{"line":33,"column":9}},{"start":{"line":35,"column":2},"end":{"line":35,"column":27}},{"start":{"line":36,"column":2},"end":{"line":39,"column":9}}],"line":5},"1":{"loc":{"start":{"line":42,"column":1},"end":{"line":42,"column":55}},"type":"binary-expr","locations":[{"start":{"line":42,"column":1},"end":{"line":42,"column":15}},{"start":{"line":42,"column":19},"end":{"line":42,"column":55}}],"line":42}},"s":{"0":1,"1":0,"2":0,"3":0,"4":0,"5":0,"6":0,"7":0,"8":0,"9":0,"10":0,"11":0,"12":0,"13":0,"14":0,"15":0,"16":0,"17":0,"18":0,"19":0,"20":0,"21":0,"22":0,"23":0,"24":0,"25":0},"f":{"0":0,"1":0},"b":{"0":[0,0,0,0,0,0,0],"1":[0,0]},"_coverageSchema":"1a1c01bbd47fc00a2c39e90264f33305004495a9","hash":"2bf821eece6b91cc043f699721923fcc3f0a5b72"}
,"/Users/fznakbar/Documents/h8-p3/final-project/auto-tune/server/middleware/musicAuthorizaion.js": {"path":"/Users/fznakbar/Documents/h8-p3/final-project/auto-tune/server/middleware/musicAuthorizaion.js","statementMap":{"0":{"start":{"line":1,"column":18},"end":{"line":1,"column":38}},"1":{"start":{"line":2,"column":20},"end":{"line":2,"column":42}},"2":{"start":{"line":4,"column":0},"end":{"line":18,"column":2}},"3":{"start":{"line":5,"column":1},"end":{"line":17,"column":15}},"4":{"start":{"line":7,"column":3},"end":{"line":15,"column":4}},"5":{"start":{"line":8,"column":4},"end":{"line":12,"column":5}},"6":{"start":{"line":9,"column":5},"end":{"line":9,"column":12}},"7":{"start":{"line":11,"column":5},"end":{"line":11,"column":72}},"8":{"start":{"line":14,"column":4},"end":{"line":14,"column":45}}},"fnMap":{"0":{"name":"(anonymous_0)","decl":{"start":{"line":4,"column":17},"end":{"line":4,"column":18}},"loc":{"start":{"line":4,"column":37},"end":{"line":18,"column":1}},"line":4},"1":{"name":"(anonymous_1)","decl":{"start":{"line":6,"column":8},"end":{"line":6,"column":9}},"loc":{"start":{"line":6,"column":18},"end":{"line":16,"column":3}},"line":6}},"branchMap":{"0":{"loc":{"start":{"line":7,"column":3},"end":{"line":15,"column":4}},"type":"if","locations":[{"start":{"line":7,"column":3},"end":{"line":15,"column":4}},{"start":{"line":7,"column":3},"end":{"line":15,"column":4}}],"line":7},"1":{"loc":{"start":{"line":8,"column":4},"end":{"line":12,"column":5}},"type":"if","locations":[{"start":{"line":8,"column":4},"end":{"line":12,"column":5}},{"start":{"line":8,"column":4},"end":{"line":12,"column":5}}],"line":8}},"s":{"0":1,"1":1,"2":1,"3":1,"4":1,"5":1,"6":1,"7":0,"8":0},"f":{"0":1,"1":1},"b":{"0":[1,0],"1":[1,0]},"_coverageSchema":"1a1c01bbd47fc00a2c39e90264f33305004495a9","hash":"b820333b3ac43c94c40480b842a39875fe5b2a93"}
,"/Users/fznakbar/Documents/h8-p3/final-project/auto-tune/server/models/User.js": {"path":"/Users/fznakbar/Documents/h8-p3/final-project/auto-tune/server/models/User.js","statementMap":{"0":{"start":{"line":2,"column":15},"end":{"line":2,"column":43}},"1":{"start":{"line":4,"column":0},"end":{"line":40,"column":2}},"2":{"start":{"line":5,"column":14},"end":{"line":33,"column":2}},"3":{"start":{"line":29,"column":5},"end":{"line":29,"column":56}},"4":{"start":{"line":34,"column":1},"end":{"line":38,"column":3}},"5":{"start":{"line":35,"column":2},"end":{"line":35,"column":29}},"6":{"start":{"line":36,"column":2},"end":{"line":36,"column":30}},"7":{"start":{"line":37,"column":2},"end":{"line":37,"column":31}},"8":{"start":{"line":39,"column":1},"end":{"line":39,"column":13}}},"fnMap":{"0":{"name":"(anonymous_0)","decl":{"start":{"line":4,"column":17},"end":{"line":4,"column":18}},"loc":{"start":{"line":4,"column":43},"end":{"line":40,"column":1}},"line":4},"1":{"name":"(anonymous_1)","decl":{"start":{"line":28,"column":18},"end":{"line":28,"column":19}},"loc":{"start":{"line":28,"column":40},"end":{"line":30,"column":5}},"line":28},"2":{"name":"(anonymous_2)","decl":{"start":{"line":34,"column":18},"end":{"line":34,"column":19}},"loc":{"start":{"line":34,"column":36},"end":{"line":38,"column":2}},"line":34}},"branchMap":{},"s":{"0":1,"1":1,"2":1,"3":1,"4":1,"5":1,"6":1,"7":1,"8":1},"f":{"0":1,"1":1,"2":1},"b":{},"_coverageSchema":"1a1c01bbd47fc00a2c39e90264f33305004495a9","hash":"8ce1bef5567c57b52aad7f5017fa8284291daa14"}
,"/Users/fznakbar/Documents/h8-p3/final-project/auto-tune/server/models/comment.js": {"path":"/Users/fznakbar/Documents/h8-p3/final-project/auto-tune/server/models/comment.js","statementMap":{"0":{"start":{"line":2,"column":0},"end":{"line":40,"column":2}},"1":{"start":{"line":3,"column":17},"end":{"line":34,"column":2}},"2":{"start":{"line":35,"column":1},"end":{"line":38,"column":3}},"3":{"start":{"line":36,"column":2},"end":{"line":36,"column":34}},"4":{"start":{"line":37,"column":2},"end":{"line":37,"column":33}},"5":{"start":{"line":39,"column":1},"end":{"line":39,"column":16}}},"fnMap":{"0":{"name":"(anonymous_0)","decl":{"start":{"line":2,"column":17},"end":{"line":2,"column":18}},"loc":{"start":{"line":2,"column":43},"end":{"line":40,"column":1}},"line":2},"1":{"name":"(anonymous_1)","decl":{"start":{"line":35,"column":21},"end":{"line":35,"column":22}},"loc":{"start":{"line":35,"column":39},"end":{"line":38,"column":2}},"line":35}},"branchMap":{},"s":{"0":1,"1":1,"2":1,"3":1,"4":1,"5":1},"f":{"0":1,"1":1},"b":{},"_coverageSchema":"1a1c01bbd47fc00a2c39e90264f33305004495a9","hash":"bf1b8a3b3a77fd83e5b0c2f4a89c330b9aef6420"}
,"/Users/fznakbar/Documents/h8-p3/final-project/auto-tune/server/models/index.js": {"path":"/Users/fznakbar/Documents/h8-p3/final-project/auto-tune/server/models/index.js","statementMap":{"0":{"start":{"line":3,"column":11},"end":{"line":3,"column":24}},"1":{"start":{"line":4,"column":13},"end":{"line":4,"column":28}},"2":{"start":{"line":5,"column":18},"end":{"line":5,"column":38}},"3":{"start":{"line":6,"column":17},"end":{"line":6,"column":42}},"4":{"start":{"line":7,"column":12},"end":{"line":7,"column":49}},"5":{"start":{"line":8,"column":15},"end":{"line":8,"column":65}},"6":{"start":{"line":9,"column":11},"end":{"line":9,"column":13}},"7":{"start":{"line":12,"column":0},"end":{"line":16,"column":1}},"8":{"start":{"line":13,"column":2},"end":{"line":13,"column":74}},"9":{"start":{"line":15,"column":2},"end":{"line":15,"column":87}},"10":{"start":{"line":18,"column":0},"end":{"line":26,"column":5}},"11":{"start":{"line":21,"column":4},"end":{"line":21,"column":90}},"12":{"start":{"line":24,"column":18},"end":{"line":24,"column":65}},"13":{"start":{"line":25,"column":4},"end":{"line":25,"column":27}},"14":{"start":{"line":28,"column":0},"end":{"line":32,"column":3}},"15":{"start":{"line":29,"column":2},"end":{"line":31,"column":3}},"16":{"start":{"line":30,"column":4},"end":{"line":30,"column":32}},"17":{"start":{"line":34,"column":0},"end":{"line":34,"column":25}},"18":{"start":{"line":35,"column":0},"end":{"line":35,"column":25}},"19":{"start":{"line":37,"column":0},"end":{"line":37,"column":20}}},"fnMap":{"0":{"name":"(anonymous_0)","decl":{"start":{"line":20,"column":10},"end":{"line":20,"column":11}},"loc":{"start":{"line":20,"column":18},"end":{"line":22,"column":3}},"line":20},"1":{"name":"(anonymous_1)","decl":{"start":{"line":23,"column":11},"end":{"line":23,"column":12}},"loc":{"start":{"line":23,"column":19},"end":{"line":26,"column":3}},"line":23},"2":{"name":"(anonymous_2)","decl":{"start":{"line":28,"column":24},"end":{"line":28,"column":25}},"loc":{"start":{"line":28,"column":37},"end":{"line":32,"column":1}},"line":28}},"branchMap":{"0":{"loc":{"start":{"line":7,"column":12},"end":{"line":7,"column":49}},"type":"binary-expr","locations":[{"start":{"line":7,"column":12},"end":{"line":7,"column":32}},{"start":{"line":7,"column":36},"end":{"line":7,"column":49}}],"line":7},"1":{"loc":{"start":{"line":12,"column":0},"end":{"line":16,"column":1}},"type":"if","locations":[{"start":{"line":12,"column":0},"end":{"line":16,"column":1}},{"start":{"line":12,"column":0},"end":{"line":16,"column":1}}],"line":12},"2":{"loc":{"start":{"line":21,"column":11},"end":{"line":21,"column":89}},"type":"binary-expr","locations":[{"start":{"line":21,"column":12},"end":{"line":21,"column":35}},{"start":{"line":21,"column":41},"end":{"line":21,"column":58}},{"start":{"line":21,"column":64},"end":{"line":21,"column":88}}],"line":21},"3":{"loc":{"start":{"line":29,"column":2},"end":{"line":31,"column":3}},"type":"if","locations":[{"start":{"line":29,"column":2},"end":{"line":31,"column":3}},{"start":{"line":29,"column":2},"end":{"line":31,"column":3}}],"line":29}},"s":{"0":1,"1":1,"2":1,"3":1,"4":1,"5":1,"6":1,"7":1,"8":0,"9":1,"10":1,"11":5,"12":4,"13":4,"14":1,"15":4,"16":4,"17":1,"18":1,"19":1},"f":{"0":5,"1":4,"2":4},"b":{"0":[1,0],"1":[0,1],"2":[5,5,4],"3":[4,0]},"_coverageSchema":"1a1c01bbd47fc00a2c39e90264f33305004495a9","hash":"2df5d882baf7591eab84aad6d51afaa7410affbb"}
,"/Users/fznakbar/Documents/h8-p3/final-project/auto-tune/server/models/music.js": {"path":"/Users/fznakbar/Documents/h8-p3/final-project/auto-tune/server/models/music.js","statementMap":{"0":{"start":{"line":2,"column":0},"end":{"line":37,"column":2}},"1":{"start":{"line":3,"column":15},"end":{"line":30,"column":2}},"2":{"start":{"line":31,"column":1},"end":{"line":35,"column":3}},"3":{"start":{"line":32,"column":2},"end":{"line":32,"column":31}},"4":{"start":{"line":33,"column":2},"end":{"line":33,"column":31}},"5":{"start":{"line":34,"column":2},"end":{"line":34,"column":32}},"6":{"start":{"line":36,"column":1},"end":{"line":36,"column":14}}},"fnMap":{"0":{"name":"(anonymous_0)","decl":{"start":{"line":2,"column":17},"end":{"line":2,"column":18}},"loc":{"start":{"line":2,"column":43},"end":{"line":37,"column":1}},"line":2},"1":{"name":"(anonymous_1)","decl":{"start":{"line":31,"column":19},"end":{"line":31,"column":20}},"loc":{"start":{"line":31,"column":37},"end":{"line":35,"column":2}},"line":31}},"branchMap":{},"s":{"0":1,"1":1,"2":1,"3":1,"4":1,"5":1,"6":1},"f":{"0":1,"1":1},"b":{},"_coverageSchema":"1a1c01bbd47fc00a2c39e90264f33305004495a9","hash":"ec45cffc04cf01a25de6eb91c523d2e49d97e965"}
,"/Users/fznakbar/Documents/h8-p3/final-project/auto-tune/server/models/rating.js": {"path":"/Users/fznakbar/Documents/h8-p3/final-project/auto-tune/server/models/rating.js","statementMap":{"0":{"start":{"line":2,"column":0},"end":{"line":41,"column":2}},"1":{"start":{"line":3,"column":16},"end":{"line":35,"column":2}},"2":{"start":{"line":36,"column":1},"end":{"line":39,"column":3}},"3":{"start":{"line":37,"column":2},"end":{"line":37,"column":32}},"4":{"start":{"line":38,"column":2},"end":{"line":38,"column":31}},"5":{"start":{"line":40,"column":1},"end":{"line":40,"column":15}}},"fnMap":{"0":{"name":"(anonymous_0)","decl":{"start":{"line":2,"column":17},"end":{"line":2,"column":18}},"loc":{"start":{"line":2,"column":43},"end":{"line":41,"column":1}},"line":2},"1":{"name":"(anonymous_1)","decl":{"start":{"line":36,"column":20},"end":{"line":36,"column":21}},"loc":{"start":{"line":36,"column":38},"end":{"line":39,"column":2}},"line":36}},"branchMap":{},"s":{"0":1,"1":1,"2":1,"3":1,"4":1,"5":1},"f":{"0":1,"1":1},"b":{},"_coverageSchema":"1a1c01bbd47fc00a2c39e90264f33305004495a9","hash":"d3c6d01b4e77fb71c0490b299f6cf25f419964e9"}
,"/Users/fznakbar/Documents/h8-p3/final-project/auto-tune/server/routes/commentRoutes.js": {"path":"/Users/fznakbar/Documents/h8-p3/final-project/auto-tune/server/routes/commentRoutes.js","statementMap":{"0":{"start":{"line":1,"column":15},"end":{"line":1,"column":42}},"1":{"start":{"line":2,"column":20},"end":{"line":2,"column":45}},"2":{"start":{"line":4,"column":0},"end":{"line":4,"column":47}},"3":{"start":{"line":6,"column":0},"end":{"line":6,"column":52}},"4":{"start":{"line":7,"column":0},"end":{"line":7,"column":45}},"5":{"start":{"line":9,"column":0},"end":{"line":9,"column":72}},"6":{"start":{"line":10,"column":0},"end":{"line":10,"column":47}},"7":{"start":{"line":11,"column":0},"end":{"line":11,"column":50}},"8":{"start":{"line":13,"column":0},"end":{"line":13,"column":24}}},"fnMap":{},"branchMap":{},"s":{"0":1,"1":1,"2":1,"3":1,"4":1,"5":1,"6":1,"7":1,"8":1},"f":{},"b":{},"_coverageSchema":"1a1c01bbd47fc00a2c39e90264f33305004495a9","hash":"4264e2eb9656e22f1d3415294b8e6917a40f88bf"}
,"/Users/fznakbar/Documents/h8-p3/final-project/auto-tune/server/routes/index.js": {"path":"/Users/fznakbar/Documents/h8-p3/final-project/auto-tune/server/routes/index.js","statementMap":{"0":{"start":{"line":1,"column":15},"end":{"line":1,"column":42}},"1":{"start":{"line":3,"column":0},"end":{"line":5,"column":3}},"2":{"start":{"line":4,"column":1},"end":{"line":4,"column":30}},"3":{"start":{"line":7,"column":0},"end":{"line":7,"column":46}},"4":{"start":{"line":8,"column":0},"end":{"line":8,"column":48}},"5":{"start":{"line":9,"column":0},"end":{"line":9,"column":48}},"6":{"start":{"line":10,"column":0},"end":{"line":10,"column":51}},"7":{"start":{"line":12,"column":0},"end":{"line":12,"column":24}}},"fnMap":{"0":{"name":"(anonymous_0)","decl":{"start":{"line":3,"column":16},"end":{"line":3,"column":17}},"loc":{"start":{"line":3,"column":36},"end":{"line":5,"column":1}},"line":3}},"branchMap":{},"s":{"0":1,"1":1,"2":1,"3":1,"4":1,"5":1,"6":1,"7":1},"f":{"0":1},"b":{},"_coverageSchema":"1a1c01bbd47fc00a2c39e90264f33305004495a9","hash":"eb39516ea15f44110bb5492df7f4dc21f1b142ed"}
,"/Users/fznakbar/Documents/h8-p3/final-project/auto-tune/server/routes/musicRoutes.js": {"path":"/Users/fznakbar/Documents/h8-p3/final-project/auto-tune/server/routes/musicRoutes.js","statementMap":{"0":{"start":{"line":1,"column":15},"end":{"line":1,"column":42}},"1":{"start":{"line":2,"column":18},"end":{"line":2,"column":43}},"2":{"start":{"line":4,"column":0},"end":{"line":4,"column":35}},"3":{"start":{"line":5,"column":0},"end":{"line":5,"column":36}},"4":{"start":{"line":7,"column":0},"end":{"line":7,"column":52}},"5":{"start":{"line":8,"column":0},"end":{"line":8,"column":33}},"6":{"start":{"line":10,"column":0},"end":{"line":10,"column":63}},"7":{"start":{"line":11,"column":0},"end":{"line":11,"column":38}},"8":{"start":{"line":13,"column":0},"end":{"line":13,"column":24}}},"fnMap":{},"branchMap":{},"s":{"0":1,"1":1,"2":1,"3":1,"4":1,"5":1,"6":1,"7":1,"8":1},"f":{},"b":{},"_coverageSchema":"1a1c01bbd47fc00a2c39e90264f33305004495a9","hash":"3166d72cbc8c370da02c3f2ed84322974cc16ab2"}
,"/Users/fznakbar/Documents/h8-p3/final-project/auto-tune/server/routes/ratingRoutes.js": {"path":"/Users/fznakbar/Documents/h8-p3/final-project/auto-tune/server/routes/ratingRoutes.js","statementMap":{"0":{"start":{"line":1,"column":15},"end":{"line":1,"column":42}},"1":{"start":{"line":2,"column":19},"end":{"line":2,"column":44}},"2":{"start":{"line":4,"column":0},"end":{"line":4,"column":52}},"3":{"start":{"line":6,"column":0},"end":{"line":6,"column":42}},"4":{"start":{"line":7,"column":0},"end":{"line":7,"column":48}},"5":{"start":{"line":9,"column":0},"end":{"line":9,"column":42}},"6":{"start":{"line":11,"column":0},"end":{"line":11,"column":24}}},"fnMap":{},"branchMap":{},"s":{"0":1,"1":1,"2":1,"3":1,"4":1,"5":1,"6":1},"f":{},"b":{},"_coverageSchema":"1a1c01bbd47fc00a2c39e90264f33305004495a9","hash":"24d5e764e848973920d63fe17e4f11ea4a2db1a7"}
,"/Users/fznakbar/Documents/h8-p3/final-project/auto-tune/server/routes/userRoutes.js": {"path":"/Users/fznakbar/Documents/h8-p3/final-project/auto-tune/server/routes/userRoutes.js","statementMap":{"0":{"start":{"line":1,"column":15},"end":{"line":1,"column":42}},"1":{"start":{"line":2,"column":17},"end":{"line":2,"column":42}},"2":{"start":{"line":4,"column":0},"end":{"line":4,"column":33}},"3":{"start":{"line":5,"column":0},"end":{"line":5,"column":40}},"4":{"start":{"line":6,"column":0},"end":{"line":6,"column":34}},"5":{"start":{"line":8,"column":0},"end":{"line":8,"column":24}}},"fnMap":{},"branchMap":{},"s":{"0":1,"1":1,"2":1,"3":1,"4":1,"5":1},"f":{},"b":{},"_coverageSchema":"1a1c01bbd47fc00a2c39e90264f33305004495a9","hash":"f167756d74c6c0b445cb7bcbd3cfb4b17e2d2eba"}
}
